/home/robotica/proyecto_robotica/install/locomotion/lib/python3.12/site-packages/locomotion/motor_command.py
/home/robotica/proyecto_robotica/install/locomotion/lib/python3.12/site-packages/locomotion/launch.py
/home/robotica/proyecto_robotica/install/locomotion/lib/python3.12/site-packages/locomotion/trajectory.py
/home/robotica/proyecto_robotica/install/locomotion/lib/python3.12/site-packages/locomotion/__init__.py
/home/robotica/proyecto_robotica/install/locomotion/lib/python3.12/site-packages/locomotion/rc_control.py
/home/robotica/proyecto_robotica/install/locomotion/lib/python3.12/site-packages/locomotion/__pycache__/motor_command.cpython-312.pyc
/home/robotica/proyecto_robotica/install/locomotion/lib/python3.12/site-packages/locomotion/__pycache__/launch.cpython-312.pyc
/home/robotica/proyecto_robotica/install/locomotion/lib/python3.12/site-packages/locomotion/__pycache__/trajectory.cpython-312.pyc
/home/robotica/proyecto_robotica/install/locomotion/lib/python3.12/site-packages/locomotion/__pycache__/__init__.cpython-312.pyc
/home/robotica/proyecto_robotica/install/locomotion/lib/python3.12/site-packages/locomotion/__pycache__/rc_control.cpython-312.pyc
/home/robotica/proyecto_robotica/install/locomotion/share/ament_index/resource_index/packages/locomotion
/home/robotica/proyecto_robotica/install/locomotion/share/locomotion/package.xml
/home/robotica/proyecto_robotica/install/locomotion/lib/python3.12/site-packages/locomotion-0.0.0-py3.12.egg-info/requires.txt
/home/robotica/proyecto_robotica/install/locomotion/lib/python3.12/site-packages/locomotion-0.0.0-py3.12.egg-info/top_level.txt
/home/robotica/proyecto_robotica/install/locomotion/lib/python3.12/site-packages/locomotion-0.0.0-py3.12.egg-info/zip-safe
/home/robotica/proyecto_robotica/install/locomotion/lib/python3.12/site-packages/locomotion-0.0.0-py3.12.egg-info/PKG-INFO
/home/robotica/proyecto_robotica/install/locomotion/lib/python3.12/site-packages/locomotion-0.0.0-py3.12.egg-info/SOURCES.txt
/home/robotica/proyecto_robotica/install/locomotion/lib/python3.12/site-packages/locomotion-0.0.0-py3.12.egg-info/dependency_links.txt
/home/robotica/proyecto_robotica/install/locomotion/lib/python3.12/site-packages/locomotion-0.0.0-py3.12.egg-info/entry_points.txt
/home/robotica/proyecto_robotica/install/locomotion/lib/locomotion/graphical_odom
/home/robotica/proyecto_robotica/install/locomotion/lib/locomotion/launch
/home/robotica/proyecto_robotica/install/locomotion/lib/locomotion/motor_com
/home/robotica/proyecto_robotica/install/locomotion/lib/locomotion/rc_control
