running egg_info
writing ../../build/locomotion/locomotion.egg-info/PKG-INFO
writing dependency_links to ../../build/locomotion/locomotion.egg-info/dependency_links.txt
writing entry points to ../../build/locomotion/locomotion.egg-info/entry_points.txt
writing requirements to ../../build/locomotion/locomotion.egg-info/requires.txt
writing top-level names to ../../build/locomotion/locomotion.egg-info/top_level.txt
reading manifest file '../../build/locomotion/locomotion.egg-info/SOURCES.txt'
writing manifest file '../../build/locomotion/locomotion.egg-info/SOURCES.txt'
running build
running build_py
copying locomotion/rc_control.py -> /home/robotica/proyecto_robotica/build/locomotion/build/lib/locomotion
running install
running install_lib
copying /home/robotica/proyecto_robotica/build/locomotion/build/lib/locomotion/rc_control.py -> /home/robotica/proyecto_robotica/install/locomotion/lib/python3.12/site-packages/locomotion
byte-compiling /home/robotica/proyecto_robotica/install/locomotion/lib/python3.12/site-packages/locomotion/rc_control.py to rc_control.cpython-312.pyc
running install_data
copying package.xml -> /home/robotica/proyecto_robotica/install/locomotion/share/locomotion
running install_egg_info
removing '/home/robotica/proyecto_robotica/install/locomotion/lib/python3.12/site-packages/locomotion-0.0.0-py3.12.egg-info' (and everything under it)
Copying ../../build/locomotion/locomotion.egg-info to /home/robotica/proyecto_robotica/install/locomotion/lib/python3.12/site-packages/locomotion-0.0.0-py3.12.egg-info
running install_scripts
Installing rc_control script to /home/robotica/proyecto_robotica/install/locomotion/lib/locomotion
writing list of installed files to '/home/robotica/proyecto_robotica/build/locomotion/install.log'
