[1.728s] Invoking command in '/home/robotica/proyecto_robotica/src/sensors': DEBUGINFOD_URLS=https://debuginfod.ubuntu.com PYTHONPATH=/home/robotica/proyecto_robotica/build/sensors/prefix_override:/usr/lib/python3/dist-packages/colcon_core/task/python/colcon_distutils_commands:/home/robotica/proyecto_robotica/install/sensors/lib/python3.12/site-packages:${PYTHONPATH} /usr/bin/python3 -W ignore:setup.py install is deprecated -W ignore:easy_install command is deprecated setup.py egg_info --egg-base ../../build/sensors build --build-base /home/robotica/proyecto_robotica/build/sensors/build install --record /home/robotica/proyecto_robotica/build/sensors/install.log --single-version-externally-managed install_data
[2.181s] running egg_info
[2.208s] writing ../../build/sensors/sensors.egg-info/PKG-INFO
[2.208s] writing dependency_links to ../../build/sensors/sensors.egg-info/dependency_links.txt
[2.211s] writing entry points to ../../build/sensors/sensors.egg-info/entry_points.txt
[2.211s] writing requirements to ../../build/sensors/sensors.egg-info/requires.txt
[2.212s] writing top-level names to ../../build/sensors/sensors.egg-info/top_level.txt
[2.270s] reading manifest file '../../build/sensors/sensors.egg-info/SOURCES.txt'
[2.270s] adding license file 'LICENSE'
[2.271s] writing manifest file '../../build/sensors/sensors.egg-info/SOURCES.txt'
[2.271s] running build
[2.271s] running build_py
[2.272s] running install
[2.282s] running install_lib
[2.312s] running install_data
[2.312s] running install_egg_info
[2.342s] removing '/home/robotica/proyecto_robotica/install/sensors/lib/python3.12/site-packages/sensors-0.0.0-py3.12.egg-info' (and everything under it)
[2.343s] Copying ../../build/sensors/sensors.egg-info to /home/robotica/proyecto_robotica/install/sensors/lib/python3.12/site-packages/sensors-0.0.0-py3.12.egg-info
[2.344s] running install_scripts
[2.543s] Installing sensors_node script to /home/robotica/proyecto_robotica/install/sensors/lib/sensors
[2.543s] writing list of installed files to '/home/robotica/proyecto_robotica/build/sensors/install.log'
[2.667s] Invoked command in '/home/robotica/proyecto_robotica/src/sensors' returned '0': DEBUGINFOD_URLS=https://debuginfod.ubuntu.com PYTHONPATH=/home/robotica/proyecto_robotica/build/sensors/prefix_override:/usr/lib/python3/dist-packages/colcon_core/task/python/colcon_distutils_commands:/home/robotica/proyecto_robotica/install/sensors/lib/python3.12/site-packages:${PYTHONPATH} /usr/bin/python3 -W ignore:setup.py install is deprecated -W ignore:easy_install command is deprecated setup.py egg_info --egg-base ../../build/sensors build --build-base /home/robotica/proyecto_robotica/build/sensors/build install --record /home/robotica/proyecto_robotica/build/sensors/install.log --single-version-externally-managed install_data
