[1.598s] Invoking command in '/home/robotica/proyecto_robotica/src/sensors': DEBUGINFOD_URLS=https://debuginfod.ubuntu.com PYTHONPATH=/home/robotica/proyecto_robotica/build/sensors/prefix_override:/usr/lib/python3/dist-packages/colcon_core/task/python/colcon_distutils_commands:/home/robotica/proyecto_robotica/install/sensors/lib/python3.12/site-packages:${PYTHONPATH} /usr/bin/python3 -W ignore:setup.py install is deprecated -W ignore:easy_install command is deprecated setup.py egg_info --egg-base ../../build/sensors build --build-base /home/robotica/proyecto_robotica/build/sensors/build install --record /home/robotica/proyecto_robotica/build/sensors/install.log --single-version-externally-managed install_data
[1.993s] running egg_info
[2.018s] writing ../../build/sensors/sensors.egg-info/PKG-INFO
[2.019s] writing dependency_links to ../../build/sensors/sensors.egg-info/dependency_links.txt
[2.022s] writing entry points to ../../build/sensors/sensors.egg-info/entry_points.txt
[2.022s] writing requirements to ../../build/sensors/sensors.egg-info/requires.txt
[2.023s] writing top-level names to ../../build/sensors/sensors.egg-info/top_level.txt
[2.078s] reading manifest file '../../build/sensors/sensors.egg-info/SOURCES.txt'
[2.079s] adding license file 'LICENSE'
[2.079s] writing manifest file '../../build/sensors/sensors.egg-info/SOURCES.txt'
[2.079s] running build
[2.079s] running build_py
[2.079s] copying sensors/odometry.py -> /home/robotica/proyecto_robotica/build/sensors/build/lib/sensors
[2.079s] running install
[2.088s] running install_lib
[2.116s] copying /home/robotica/proyecto_robotica/build/sensors/build/lib/sensors/odometry.py -> /home/robotica/proyecto_robotica/install/sensors/lib/python3.12/site-packages/sensors
[2.117s] byte-compiling /home/robotica/proyecto_robotica/install/sensors/lib/python3.12/site-packages/sensors/odometry.py to odometry.cpython-312.pyc
[2.121s] running install_data
[2.121s] running install_egg_info
[2.150s] removing '/home/robotica/proyecto_robotica/install/sensors/lib/python3.12/site-packages/sensors-0.0.0-py3.12.egg-info' (and everything under it)
[2.151s] Copying ../../build/sensors/sensors.egg-info to /home/robotica/proyecto_robotica/install/sensors/lib/python3.12/site-packages/sensors-0.0.0-py3.12.egg-info
[2.153s] running install_scripts
[2.341s] Installing sensors_node script to /home/robotica/proyecto_robotica/install/sensors/lib/sensors
[2.341s] writing list of installed files to '/home/robotica/proyecto_robotica/build/sensors/install.log'
[2.430s] Invoked command in '/home/robotica/proyecto_robotica/src/sensors' returned '0': DEBUGINFOD_URLS=https://debuginfod.ubuntu.com PYTHONPATH=/home/robotica/proyecto_robotica/build/sensors/prefix_override:/usr/lib/python3/dist-packages/colcon_core/task/python/colcon_distutils_commands:/home/robotica/proyecto_robotica/install/sensors/lib/python3.12/site-packages:${PYTHONPATH} /usr/bin/python3 -W ignore:setup.py install is deprecated -W ignore:easy_install command is deprecated setup.py egg_info --egg-base ../../build/sensors build --build-base /home/robotica/proyecto_robotica/build/sensors/build install --record /home/robotica/proyecto_robotica/build/sensors/install.log --single-version-externally-managed install_data
