[1.200s] Invoking command in '/home/robotica/proyecto_robotica/src/locomotion': DEBUGINFOD_URLS=https://debuginfod.ubuntu.com PYTHONPATH=/home/robotica/proyecto_robotica/build/locomotion/prefix_override:/usr/lib/python3/dist-packages/colcon_core/task/python/colcon_distutils_commands:/home/robotica/proyecto_robotica/install/locomotion/lib/python3.12/site-packages:${PYTHONPATH} /usr/bin/python3 -W ignore:setup.py install is deprecated -W ignore:easy_install command is deprecated setup.py egg_info --egg-base ../../build/locomotion build --build-base /home/robotica/proyecto_robotica/build/locomotion/build install --record /home/robotica/proyecto_robotica/build/locomotion/install.log --single-version-externally-managed install_data
[1.556s] running egg_info
[1.581s] writing ../../build/locomotion/locomotion.egg-info/PKG-INFO
[1.582s] writing dependency_links to ../../build/locomotion/locomotion.egg-info/dependency_links.txt
[1.584s] writing entry points to ../../build/locomotion/locomotion.egg-info/entry_points.txt
[1.585s] writing requirements to ../../build/locomotion/locomotion.egg-info/requires.txt
[1.585s] writing top-level names to ../../build/locomotion/locomotion.egg-info/top_level.txt
[1.639s] reading manifest file '../../build/locomotion/locomotion.egg-info/SOURCES.txt'
[1.640s] writing manifest file '../../build/locomotion/locomotion.egg-info/SOURCES.txt'
[1.640s] running build
[1.640s] running build_py
[1.641s] copying locomotion/rc_control.py -> /home/robotica/proyecto_robotica/build/locomotion/build/lib/locomotion
[1.641s] running install
[1.650s] running install_lib
[1.676s] copying /home/robotica/proyecto_robotica/build/locomotion/build/lib/locomotion/rc_control.py -> /home/robotica/proyecto_robotica/install/locomotion/lib/python3.12/site-packages/locomotion
[1.677s] byte-compiling /home/robotica/proyecto_robotica/install/locomotion/lib/python3.12/site-packages/locomotion/rc_control.py to rc_control.cpython-312.pyc
[1.679s] running install_data
[1.679s] running install_egg_info
[1.715s] removing '/home/robotica/proyecto_robotica/install/locomotion/lib/python3.12/site-packages/locomotion-0.0.0-py3.12.egg-info' (and everything under it)
[1.716s] Copying ../../build/locomotion/locomotion.egg-info to /home/robotica/proyecto_robotica/install/locomotion/lib/python3.12/site-packages/locomotion-0.0.0-py3.12.egg-info
[1.719s] running install_scripts
[1.944s] Installing rc_control script to /home/robotica/proyecto_robotica/install/locomotion/lib/locomotion
[1.944s] writing list of installed files to '/home/robotica/proyecto_robotica/build/locomotion/install.log'
[2.030s] Invoked command in '/home/robotica/proyecto_robotica/src/locomotion' returned '0': DEBUGINFOD_URLS=https://debuginfod.ubuntu.com PYTHONPATH=/home/robotica/proyecto_robotica/build/locomotion/prefix_override:/usr/lib/python3/dist-packages/colcon_core/task/python/colcon_distutils_commands:/home/robotica/proyecto_robotica/install/locomotion/lib/python3.12/site-packages:${PYTHONPATH} /usr/bin/python3 -W ignore:setup.py install is deprecated -W ignore:easy_install command is deprecated setup.py egg_info --egg-base ../../build/locomotion build --build-base /home/robotica/proyecto_robotica/build/locomotion/build install --record /home/robotica/proyecto_robotica/build/locomotion/install.log --single-version-externally-managed install_data
