[1.600s] Invoking command in '/home/robotica/proyecto_robotica/src/locomotion': DEBUGINFOD_URLS=https://debuginfod.ubuntu.com PYTHONPATH=/home/robotica/proyecto_robotica/build/locomotion/prefix_override:/usr/lib/python3/dist-packages/colcon_core/task/python/colcon_distutils_commands:/home/robotica/proyecto_robotica/install/locomotion/lib/python3.12/site-packages:${PYTHONPATH} /usr/bin/python3 -W ignore:setup.py install is deprecated -W ignore:easy_install command is deprecated setup.py egg_info --egg-base ../../build/locomotion build --build-base /home/robotica/proyecto_robotica/build/locomotion/build install --record /home/robotica/proyecto_robotica/build/locomotion/install.log --single-version-externally-managed install_data
[1.986s] running egg_info
[2.012s] writing ../../build/locomotion/locomotion.egg-info/PKG-INFO
[2.013s] writing dependency_links to ../../build/locomotion/locomotion.egg-info/dependency_links.txt
[2.016s] writing entry points to ../../build/locomotion/locomotion.egg-info/entry_points.txt
[2.018s] writing requirements to ../../build/locomotion/locomotion.egg-info/requires.txt
[2.019s] writing top-level names to ../../build/locomotion/locomotion.egg-info/top_level.txt
[2.074s] reading manifest file '../../build/locomotion/locomotion.egg-info/SOURCES.txt'
[2.075s] writing manifest file '../../build/locomotion/locomotion.egg-info/SOURCES.txt'
[2.075s] running build
[2.076s] running build_py
[2.076s] running install
[2.086s] running install_lib
[2.114s] running install_data
[2.114s] running install_egg_info
[2.143s] removing '/home/robotica/proyecto_robotica/install/locomotion/lib/python3.12/site-packages/locomotion-0.0.0-py3.12.egg-info' (and everything under it)
[2.144s] Copying ../../build/locomotion/locomotion.egg-info to /home/robotica/proyecto_robotica/install/locomotion/lib/python3.12/site-packages/locomotion-0.0.0-py3.12.egg-info
[2.145s] running install_scripts
[2.334s] Installing graphical_odom script to /home/robotica/proyecto_robotica/install/locomotion/lib/locomotion
[2.334s] Installing launch script to /home/robotica/proyecto_robotica/install/locomotion/lib/locomotion
[2.337s] Installing motor_com script to /home/robotica/proyecto_robotica/install/locomotion/lib/locomotion
[2.337s] Installing rc_control script to /home/robotica/proyecto_robotica/install/locomotion/lib/locomotion
[2.341s] writing list of installed files to '/home/robotica/proyecto_robotica/build/locomotion/install.log'
[2.422s] Invoked command in '/home/robotica/proyecto_robotica/src/locomotion' returned '0': DEBUGINFOD_URLS=https://debuginfod.ubuntu.com PYTHONPATH=/home/robotica/proyecto_robotica/build/locomotion/prefix_override:/usr/lib/python3/dist-packages/colcon_core/task/python/colcon_distutils_commands:/home/robotica/proyecto_robotica/install/locomotion/lib/python3.12/site-packages:${PYTHONPATH} /usr/bin/python3 -W ignore:setup.py install is deprecated -W ignore:easy_install command is deprecated setup.py egg_info --egg-base ../../build/locomotion build --build-base /home/robotica/proyecto_robotica/build/locomotion/build install --record /home/robotica/proyecto_robotica/build/locomotion/install.log --single-version-externally-managed install_data
