[3.375s] Invoking command in '/home/robotica/proyecto_robotica/src/locomotion': DEBUGINFOD_URLS=https://debuginfod.ubuntu.com PYTHONPATH=/home/robotica/proyecto_robotica/build/locomotion/prefix_override:/usr/lib/python3/dist-packages/colcon_core/task/python/colcon_distutils_commands:/home/robotica/proyecto_robotica/install/locomotion/lib/python3.12/site-packages:${PYTHONPATH} /usr/bin/python3 -W ignore:setup.py install is deprecated -W ignore:easy_install command is deprecated setup.py egg_info --egg-base ../../build/locomotion build --build-base /home/robotica/proyecto_robotica/build/locomotion/build install --record /home/robotica/proyecto_robotica/build/locomotion/install.log --single-version-externally-managed install_data
[3.965s] running egg_info
[3.995s] writing ../../build/locomotion/locomotion.egg-info/PKG-INFO
[3.997s] writing dependency_links to ../../build/locomotion/locomotion.egg-info/dependency_links.txt
[3.998s] writing entry points to ../../build/locomotion/locomotion.egg-info/entry_points.txt
[3.999s] writing requirements to ../../build/locomotion/locomotion.egg-info/requires.txt
[3.999s] writing top-level names to ../../build/locomotion/locomotion.egg-info/top_level.txt
[4.096s] reading manifest file '../../build/locomotion/locomotion.egg-info/SOURCES.txt'
[4.105s] writing manifest file '../../build/locomotion/locomotion.egg-info/SOURCES.txt'
[4.105s] running build
[4.106s] running build_py
[4.106s] copying locomotion/trajectory.py -> /home/robotica/proyecto_robotica/build/locomotion/build/lib/locomotion
[4.106s] running install
[4.116s] running install_lib
[4.149s] copying /home/robotica/proyecto_robotica/build/locomotion/build/lib/locomotion/trajectory.py -> /home/robotica/proyecto_robotica/install/locomotion/lib/python3.12/site-packages/locomotion
[4.150s] byte-compiling /home/robotica/proyecto_robotica/install/locomotion/lib/python3.12/site-packages/locomotion/trajectory.py to trajectory.cpython-312.pyc
[4.154s] running install_data
[4.155s] running install_egg_info
[4.192s] removing '/home/robotica/proyecto_robotica/install/locomotion/lib/python3.12/site-packages/locomotion-0.0.0-py3.12.egg-info' (and everything under it)
[4.193s] Copying ../../build/locomotion/locomotion.egg-info to /home/robotica/proyecto_robotica/install/locomotion/lib/python3.12/site-packages/locomotion-0.0.0-py3.12.egg-info
[4.198s] running install_scripts
[4.452s] Installing graphical_odom script to /home/robotica/proyecto_robotica/install/locomotion/lib/locomotion
[4.466s] Installing motor_com script to /home/robotica/proyecto_robotica/install/locomotion/lib/locomotion
[4.503s] Installing rc_control script to /home/robotica/proyecto_robotica/install/locomotion/lib/locomotion
[4.504s] writing list of installed files to '/home/robotica/proyecto_robotica/build/locomotion/install.log'
[4.615s] Invoked command in '/home/robotica/proyecto_robotica/src/locomotion' returned '0': DEBUGINFOD_URLS=https://debuginfod.ubuntu.com PYTHONPATH=/home/robotica/proyecto_robotica/build/locomotion/prefix_override:/usr/lib/python3/dist-packages/colcon_core/task/python/colcon_distutils_commands:/home/robotica/proyecto_robotica/install/locomotion/lib/python3.12/site-packages:${PYTHONPATH} /usr/bin/python3 -W ignore:setup.py install is deprecated -W ignore:easy_install command is deprecated setup.py egg_info --egg-base ../../build/locomotion build --build-base /home/robotica/proyecto_robotica/build/locomotion/build install --record /home/robotica/proyecto_robotica/build/locomotion/install.log --single-version-externally-managed install_data
