[1.534s] Invoking command in '/home/robotica/proyecto_robotica/src/sensors': DEBUGINFOD_URLS=https://debuginfod.ubuntu.com PYTHONPATH=/home/robotica/proyecto_robotica/build/sensors/prefix_override:/usr/lib/python3/dist-packages/colcon_core/task/python/colcon_distutils_commands:/home/robotica/proyecto_robotica/install/sensors/lib/python3.12/site-packages:${PYTHONPATH} /usr/bin/python3 -W ignore:setup.py install is deprecated -W ignore:easy_install command is deprecated setup.py egg_info --egg-base ../../build/sensors build --build-base /home/robotica/proyecto_robotica/build/sensors/build install --record /home/robotica/proyecto_robotica/build/sensors/install.log --single-version-externally-managed install_data
[1.906s] running egg_info
[1.932s] writing ../../build/sensors/sensors.egg-info/PKG-INFO
[1.932s] writing dependency_links to ../../build/sensors/sensors.egg-info/dependency_links.txt
[1.933s] writing entry points to ../../build/sensors/sensors.egg-info/entry_points.txt
[1.933s] writing requirements to ../../build/sensors/sensors.egg-info/requires.txt
[1.933s] writing top-level names to ../../build/sensors/sensors.egg-info/top_level.txt
[1.985s] reading manifest file '../../build/sensors/sensors.egg-info/SOURCES.txt'
[1.985s] adding license file 'LICENSE'
[1.987s] writing manifest file '../../build/sensors/sensors.egg-info/SOURCES.txt'
[1.987s] running build
[1.987s] running build_py
[1.987s] running install
[1.997s] running install_lib
[2.023s] running install_data
[2.024s] running install_egg_info
[2.051s] removing '/home/robotica/proyecto_robotica/install/sensors/lib/python3.12/site-packages/sensors-0.0.0-py3.12.egg-info' (and everything under it)
[2.052s] Copying ../../build/sensors/sensors.egg-info to /home/robotica/proyecto_robotica/install/sensors/lib/python3.12/site-packages/sensors-0.0.0-py3.12.egg-info
[2.055s] running install_scripts
[2.239s] Installing sensors_node script to /home/robotica/proyecto_robotica/install/sensors/lib/sensors
[2.239s] writing list of installed files to '/home/robotica/proyecto_robotica/build/sensors/install.log'
[2.334s] Invoked command in '/home/robotica/proyecto_robotica/src/sensors' returned '0': DEBUGINFOD_URLS=https://debuginfod.ubuntu.com PYTHONPATH=/home/robotica/proyecto_robotica/build/sensors/prefix_override:/usr/lib/python3/dist-packages/colcon_core/task/python/colcon_distutils_commands:/home/robotica/proyecto_robotica/install/sensors/lib/python3.12/site-packages:${PYTHONPATH} /usr/bin/python3 -W ignore:setup.py install is deprecated -W ignore:easy_install command is deprecated setup.py egg_info --egg-base ../../build/sensors build --build-base /home/robotica/proyecto_robotica/build/sensors/build install --record /home/robotica/proyecto_robotica/build/sensors/install.log --single-version-externally-managed install_data
