[2.079s] Invoking command in '/home/robotica/proyecto_robotica/src/motor_command': DEBUGINFOD_URLS=https://debuginfod.ubuntu.com PYTHONPATH=/home/robotica/proyecto_robotica/build/motor_command/prefix_override:/usr/lib/python3/dist-packages/colcon_core/task/python/colcon_distutils_commands:/home/robotica/proyecto_robotica/install/motor_command/lib/python3.12/site-packages:${PYTHONPATH} /usr/bin/python3 -W ignore:setup.py install is deprecated -W ignore:easy_install command is deprecated setup.py egg_info --egg-base ../../build/motor_command build --build-base /home/robotica/proyecto_robotica/build/motor_command/build install --record /home/robotica/proyecto_robotica/build/motor_command/install.log --single-version-externally-managed install_data
[2.465s] running egg_info
[2.490s] writing ../../build/motor_command/motor_command.egg-info/PKG-INFO
[2.491s] writing dependency_links to ../../build/motor_command/motor_command.egg-info/dependency_links.txt
[2.493s] writing requirements to ../../build/motor_command/motor_command.egg-info/requires.txt
[2.494s] writing top-level names to ../../build/motor_command/motor_command.egg-info/top_level.txt
[2.546s] reading manifest file '../../build/motor_command/motor_command.egg-info/SOURCES.txt'
[2.547s] adding license file 'LICENSE'
[2.548s] writing manifest file '../../build/motor_command/motor_command.egg-info/SOURCES.txt'
[2.548s] running build
[2.548s] running build_py
[2.548s] running install
[2.558s] running install_lib
[2.584s] running install_data
[2.585s] running install_egg_info
[2.612s] removing '/home/robotica/proyecto_robotica/install/motor_command/lib/python3.12/site-packages/motor_command-0.0.0-py3.12.egg-info' (and everything under it)
[2.612s] Copying ../../build/motor_command/motor_command.egg-info to /home/robotica/proyecto_robotica/install/motor_command/lib/python3.12/site-packages/motor_command-0.0.0-py3.12.egg-info
[2.614s] running install_scripts
[2.799s] writing list of installed files to '/home/robotica/proyecto_robotica/build/motor_command/install.log'
[2.932s] Invoked command in '/home/robotica/proyecto_robotica/src/motor_command' returned '0': DEBUGINFOD_URLS=https://debuginfod.ubuntu.com PYTHONPATH=/home/robotica/proyecto_robotica/build/motor_command/prefix_override:/usr/lib/python3/dist-packages/colcon_core/task/python/colcon_distutils_commands:/home/robotica/proyecto_robotica/install/motor_command/lib/python3.12/site-packages:${PYTHONPATH} /usr/bin/python3 -W ignore:setup.py install is deprecated -W ignore:easy_install command is deprecated setup.py egg_info --egg-base ../../build/motor_command build --build-base /home/robotica/proyecto_robotica/build/motor_command/build install --record /home/robotica/proyecto_robotica/build/motor_command/install.log --single-version-externally-managed install_data
