[1.189s] Invoking command in '/home/robotica/proyecto_robotica/src/locomotion': DEBUGINFOD_URLS=https://debuginfod.ubuntu.com PYTHONPATH=/home/robotica/proyecto_robotica/build/locomotion/prefix_override:/usr/lib/python3/dist-packages/colcon_core/task/python/colcon_distutils_commands:/home/robotica/proyecto_robotica/install/locomotion/lib/python3.12/site-packages:${PYTHONPATH} /usr/bin/python3 -W ignore:setup.py install is deprecated -W ignore:easy_install command is deprecated setup.py egg_info --egg-base ../../build/locomotion build --build-base /home/robotica/proyecto_robotica/build/locomotion/build install --record /home/robotica/proyecto_robotica/build/locomotion/install.log --single-version-externally-managed install_data
[1.547s] running egg_info
[1.572s] writing ../../build/locomotion/locomotion.egg-info/PKG-INFO
[1.572s] writing dependency_links to ../../build/locomotion/locomotion.egg-info/dependency_links.txt
[1.575s] writing entry points to ../../build/locomotion/locomotion.egg-info/entry_points.txt
[1.575s] writing requirements to ../../build/locomotion/locomotion.egg-info/requires.txt
[1.575s] writing top-level names to ../../build/locomotion/locomotion.egg-info/top_level.txt
[1.632s] reading manifest file '../../build/locomotion/locomotion.egg-info/SOURCES.txt'
[1.633s] writing manifest file '../../build/locomotion/locomotion.egg-info/SOURCES.txt'
[1.633s] running build
[1.633s] running build_py
[1.633s] copying locomotion/rc_control.py -> /home/robotica/proyecto_robotica/build/locomotion/build/lib/locomotion
[1.634s] running install
[1.643s] running install_lib
[1.669s] copying /home/robotica/proyecto_robotica/build/locomotion/build/lib/locomotion/rc_control.py -> /home/robotica/proyecto_robotica/install/locomotion/lib/python3.12/site-packages/locomotion
[1.669s] byte-compiling /home/robotica/proyecto_robotica/install/locomotion/lib/python3.12/site-packages/locomotion/rc_control.py to rc_control.cpython-312.pyc
[1.671s] running install_data
[1.671s] running install_egg_info
[1.699s] removing '/home/robotica/proyecto_robotica/install/locomotion/lib/python3.12/site-packages/locomotion-0.0.0-py3.12.egg-info' (and everything under it)
[1.699s] Copying ../../build/locomotion/locomotion.egg-info to /home/robotica/proyecto_robotica/install/locomotion/lib/python3.12/site-packages/locomotion-0.0.0-py3.12.egg-info
[1.700s] running install_scripts
[1.877s] Installing rc_control script to /home/robotica/proyecto_robotica/install/locomotion/lib/locomotion
[1.877s] writing list of installed files to '/home/robotica/proyecto_robotica/build/locomotion/install.log'
[1.967s] Invoked command in '/home/robotica/proyecto_robotica/src/locomotion' returned '0': DEBUGINFOD_URLS=https://debuginfod.ubuntu.com PYTHONPATH=/home/robotica/proyecto_robotica/build/locomotion/prefix_override:/usr/lib/python3/dist-packages/colcon_core/task/python/colcon_distutils_commands:/home/robotica/proyecto_robotica/install/locomotion/lib/python3.12/site-packages:${PYTHONPATH} /usr/bin/python3 -W ignore:setup.py install is deprecated -W ignore:easy_install command is deprecated setup.py egg_info --egg-base ../../build/locomotion build --build-base /home/robotica/proyecto_robotica/build/locomotion/build install --record /home/robotica/proyecto_robotica/build/locomotion/install.log --single-version-externally-managed install_data
