running egg_info
creating ../../build/locomotion/locomotion.egg-info
writing ../../build/locomotion/locomotion.egg-info/PKG-INFO
writing dependency_links to ../../build/locomotion/locomotion.egg-info/dependency_links.txt
writing requirements to ../../build/locomotion/locomotion.egg-info/requires.txt
writing top-level names to ../../build/locomotion/locomotion.egg-info/top_level.txt
writing manifest file '../../build/locomotion/locomotion.egg-info/SOURCES.txt'
reading manifest file '../../build/locomotion/locomotion.egg-info/SOURCES.txt'
writing manifest file '../../build/locomotion/locomotion.egg-info/SOURCES.txt'
running build
running build_py
creating /home/robotica/proyecto_robotica/build/locomotion/build
creating /home/robotica/proyecto_robotica/build/locomotion/build/lib
creating /home/robotica/proyecto_robotica/build/locomotion/build/lib/locomotion
copying locomotion/__init__.py -> /home/robotica/proyecto_robotica/build/locomotion/build/lib/locomotion
running install
running install_lib
creating /home/robotica/proyecto_robotica/install/locomotion/lib/python3.12/site-packages/locomotion
copying /home/robotica/proyecto_robotica/build/locomotion/build/lib/locomotion/__init__.py -> /home/robotica/proyecto_robotica/install/locomotion/lib/python3.12/site-packages/locomotion
byte-compiling /home/robotica/proyecto_robotica/install/locomotion/lib/python3.12/site-packages/locomotion/__init__.py to __init__.cpython-312.pyc
running install_data
creating /home/robotica/proyecto_robotica/install/locomotion/share/ament_index
creating /home/robotica/proyecto_robotica/install/locomotion/share/ament_index/resource_index
creating /home/robotica/proyecto_robotica/install/locomotion/share/ament_index/resource_index/packages
copying resource/locomotion -> /home/robotica/proyecto_robotica/install/locomotion/share/ament_index/resource_index/packages
copying package.xml -> /home/robotica/proyecto_robotica/install/locomotion/share/locomotion
running install_egg_info
Copying ../../build/locomotion/locomotion.egg-info to /home/robotica/proyecto_robotica/install/locomotion/lib/python3.12/site-packages/locomotion-0.0.0-py3.12.egg-info
running install_scripts
writing list of installed files to '/home/robotica/proyecto_robotica/build/locomotion/install.log'
