[1.614s] Invoking command in '/home/robotica/proyecto_robotica/src/locomotion': DEBUGINFOD_URLS=https://debuginfod.ubuntu.com PYTHONPATH=/home/robotica/proyecto_robotica/build/locomotion/prefix_override:/usr/lib/python3/dist-packages/colcon_core/task/python/colcon_distutils_commands:/home/robotica/proyecto_robotica/install/locomotion/lib/python3.12/site-packages:${PYTHONPATH} /usr/bin/python3 -W ignore:setup.py install is deprecated -W ignore:easy_install command is deprecated setup.py egg_info --egg-base ../../build/locomotion build --build-base /home/robotica/proyecto_robotica/build/locomotion/build install --record /home/robotica/proyecto_robotica/build/locomotion/install.log --single-version-externally-managed install_data
[1.989s] running egg_info
[1.989s] creating ../../build/locomotion/locomotion.egg-info
[2.017s] writing ../../build/locomotion/locomotion.egg-info/PKG-INFO
[2.017s] writing dependency_links to ../../build/locomotion/locomotion.egg-info/dependency_links.txt
[2.018s] writing requirements to ../../build/locomotion/locomotion.egg-info/requires.txt
[2.018s] writing top-level names to ../../build/locomotion/locomotion.egg-info/top_level.txt
[2.018s] writing manifest file '../../build/locomotion/locomotion.egg-info/SOURCES.txt'
[2.072s] reading manifest file '../../build/locomotion/locomotion.egg-info/SOURCES.txt'
[2.073s] writing manifest file '../../build/locomotion/locomotion.egg-info/SOURCES.txt'
[2.073s] running build
[2.073s] running build_py
[2.073s] creating /home/robotica/proyecto_robotica/build/locomotion/build
[2.074s] creating /home/robotica/proyecto_robotica/build/locomotion/build/lib
[2.074s] creating /home/robotica/proyecto_robotica/build/locomotion/build/lib/locomotion
[2.074s] copying locomotion/__init__.py -> /home/robotica/proyecto_robotica/build/locomotion/build/lib/locomotion
[2.074s] running install
[2.083s] running install_lib
[2.112s] creating /home/robotica/proyecto_robotica/install/locomotion/lib/python3.12/site-packages/locomotion
[2.113s] copying /home/robotica/proyecto_robotica/build/locomotion/build/lib/locomotion/__init__.py -> /home/robotica/proyecto_robotica/install/locomotion/lib/python3.12/site-packages/locomotion
[2.113s] byte-compiling /home/robotica/proyecto_robotica/install/locomotion/lib/python3.12/site-packages/locomotion/__init__.py to __init__.cpython-312.pyc
[2.113s] running install_data
[2.114s] creating /home/robotica/proyecto_robotica/install/locomotion/share/ament_index
[2.114s] creating /home/robotica/proyecto_robotica/install/locomotion/share/ament_index/resource_index
[2.114s] creating /home/robotica/proyecto_robotica/install/locomotion/share/ament_index/resource_index/packages
[2.114s] copying resource/locomotion -> /home/robotica/proyecto_robotica/install/locomotion/share/ament_index/resource_index/packages
[2.114s] copying package.xml -> /home/robotica/proyecto_robotica/install/locomotion/share/locomotion
[2.114s] running install_egg_info
[2.142s] Copying ../../build/locomotion/locomotion.egg-info to /home/robotica/proyecto_robotica/install/locomotion/lib/python3.12/site-packages/locomotion-0.0.0-py3.12.egg-info
[2.143s] running install_scripts
[2.330s] writing list of installed files to '/home/robotica/proyecto_robotica/build/locomotion/install.log'
[2.401s] Invoked command in '/home/robotica/proyecto_robotica/src/locomotion' returned '0': DEBUGINFOD_URLS=https://debuginfod.ubuntu.com PYTHONPATH=/home/robotica/proyecto_robotica/build/locomotion/prefix_override:/usr/lib/python3/dist-packages/colcon_core/task/python/colcon_distutils_commands:/home/robotica/proyecto_robotica/install/locomotion/lib/python3.12/site-packages:${PYTHONPATH} /usr/bin/python3 -W ignore:setup.py install is deprecated -W ignore:easy_install command is deprecated setup.py egg_info --egg-base ../../build/locomotion build --build-base /home/robotica/proyecto_robotica/build/locomotion/build install --record /home/robotica/proyecto_robotica/build/locomotion/install.log --single-version-externally-managed install_data
