[1.916s] Invoking command in '/home/robotica/proyecto_robotica/src/locomotion': DEBUGINFOD_URLS=https://debuginfod.ubuntu.com PYTHONPATH=/home/robotica/proyecto_robotica/build/locomotion/prefix_override:/usr/lib/python3/dist-packages/colcon_core/task/python/colcon_distutils_commands:/home/robotica/proyecto_robotica/install/locomotion/lib/python3.12/site-packages:${PYTHONPATH} /usr/bin/python3 -W ignore:setup.py install is deprecated -W ignore:easy_install command is deprecated setup.py egg_info --egg-base ../../build/locomotion build --build-base /home/robotica/proyecto_robotica/build/locomotion/build install --record /home/robotica/proyecto_robotica/build/locomotion/install.log --single-version-externally-managed install_data
[2.286s] running egg_info
[2.311s] writing ../../build/locomotion/locomotion.egg-info/PKG-INFO
[2.312s] writing dependency_links to ../../build/locomotion/locomotion.egg-info/dependency_links.txt
[2.315s] writing entry points to ../../build/locomotion/locomotion.egg-info/entry_points.txt
[2.316s] writing requirements to ../../build/locomotion/locomotion.egg-info/requires.txt
[2.316s] writing top-level names to ../../build/locomotion/locomotion.egg-info/top_level.txt
[2.371s] reading manifest file '../../build/locomotion/locomotion.egg-info/SOURCES.txt'
[2.372s] writing manifest file '../../build/locomotion/locomotion.egg-info/SOURCES.txt'
[2.372s] running build
[2.372s] running build_py
[2.372s] copying locomotion/rc_control.py -> /home/robotica/proyecto_robotica/build/locomotion/build/lib/locomotion
[2.373s] running install
[2.382s] running install_lib
[2.408s] copying /home/robotica/proyecto_robotica/build/locomotion/build/lib/locomotion/rc_control.py -> /home/robotica/proyecto_robotica/install/locomotion/lib/python3.12/site-packages/locomotion
[2.409s] byte-compiling /home/robotica/proyecto_robotica/install/locomotion/lib/python3.12/site-packages/locomotion/rc_control.py to rc_control.cpython-312.pyc
[2.411s] running install_data
[2.411s] running install_egg_info
[2.439s] removing '/home/robotica/proyecto_robotica/install/locomotion/lib/python3.12/site-packages/locomotion-0.0.0-py3.12.egg-info' (and everything under it)
[2.440s] Copying ../../build/locomotion/locomotion.egg-info to /home/robotica/proyecto_robotica/install/locomotion/lib/python3.12/site-packages/locomotion-0.0.0-py3.12.egg-info
[2.441s] running install_scripts
[2.627s] Installing rc_control script to /home/robotica/proyecto_robotica/install/locomotion/lib/locomotion
[2.628s] writing list of installed files to '/home/robotica/proyecto_robotica/build/locomotion/install.log'
[2.743s] Invoked command in '/home/robotica/proyecto_robotica/src/locomotion' returned '0': DEBUGINFOD_URLS=https://debuginfod.ubuntu.com PYTHONPATH=/home/robotica/proyecto_robotica/build/locomotion/prefix_override:/usr/lib/python3/dist-packages/colcon_core/task/python/colcon_distutils_commands:/home/robotica/proyecto_robotica/install/locomotion/lib/python3.12/site-packages:${PYTHONPATH} /usr/bin/python3 -W ignore:setup.py install is deprecated -W ignore:easy_install command is deprecated setup.py egg_info --egg-base ../../build/locomotion build --build-base /home/robotica/proyecto_robotica/build/locomotion/build install --record /home/robotica/proyecto_robotica/build/locomotion/install.log --single-version-externally-managed install_data
