[1.834s] Invoking command in '/home/robotica/proyecto_robotica/src/locomotion': DEBUGINFOD_URLS=https://debuginfod.ubuntu.com PYTHONPATH=/home/robotica/proyecto_robotica/build/locomotion/prefix_override:/usr/lib/python3/dist-packages/colcon_core/task/python/colcon_distutils_commands:/home/robotica/proyecto_robotica/install/locomotion/lib/python3.12/site-packages:${PYTHONPATH} /usr/bin/python3 -W ignore:setup.py install is deprecated -W ignore:easy_install command is deprecated setup.py egg_info --egg-base ../../build/locomotion build --build-base /home/robotica/proyecto_robotica/build/locomotion/build install --record /home/robotica/proyecto_robotica/build/locomotion/install.log --single-version-externally-managed install_data
[2.217s] running egg_info
[2.244s] writing ../../build/locomotion/locomotion.egg-info/PKG-INFO
[2.245s] writing dependency_links to ../../build/locomotion/locomotion.egg-info/dependency_links.txt
[2.245s] writing entry points to ../../build/locomotion/locomotion.egg-info/entry_points.txt
[2.245s] writing requirements to ../../build/locomotion/locomotion.egg-info/requires.txt
[2.245s] writing top-level names to ../../build/locomotion/locomotion.egg-info/top_level.txt
[2.298s] reading manifest file '../../build/locomotion/locomotion.egg-info/SOURCES.txt'
[2.299s] writing manifest file '../../build/locomotion/locomotion.egg-info/SOURCES.txt'
[2.299s] running build
[2.300s] running build_py
[2.300s] copying locomotion/rc_control.py -> /home/robotica/proyecto_robotica/build/locomotion/build/lib/locomotion
[2.301s] running install
[2.311s] running install_lib
[2.340s] copying /home/robotica/proyecto_robotica/build/locomotion/build/lib/locomotion/rc_control.py -> /home/robotica/proyecto_robotica/install/locomotion/lib/python3.12/site-packages/locomotion
[2.340s] byte-compiling /home/robotica/proyecto_robotica/install/locomotion/lib/python3.12/site-packages/locomotion/rc_control.py to rc_control.cpython-312.pyc
[2.341s] running install_data
[2.342s] copying package.xml -> /home/robotica/proyecto_robotica/install/locomotion/share/locomotion
[2.342s] running install_egg_info
[2.369s] removing '/home/robotica/proyecto_robotica/install/locomotion/lib/python3.12/site-packages/locomotion-0.0.0-py3.12.egg-info' (and everything under it)
[2.370s] Copying ../../build/locomotion/locomotion.egg-info to /home/robotica/proyecto_robotica/install/locomotion/lib/python3.12/site-packages/locomotion-0.0.0-py3.12.egg-info
[2.371s] running install_scripts
[2.568s] Installing rc_control script to /home/robotica/proyecto_robotica/install/locomotion/lib/locomotion
[2.569s] writing list of installed files to '/home/robotica/proyecto_robotica/build/locomotion/install.log'
[2.648s] Invoked command in '/home/robotica/proyecto_robotica/src/locomotion' returned '0': DEBUGINFOD_URLS=https://debuginfod.ubuntu.com PYTHONPATH=/home/robotica/proyecto_robotica/build/locomotion/prefix_override:/usr/lib/python3/dist-packages/colcon_core/task/python/colcon_distutils_commands:/home/robotica/proyecto_robotica/install/locomotion/lib/python3.12/site-packages:${PYTHONPATH} /usr/bin/python3 -W ignore:setup.py install is deprecated -W ignore:easy_install command is deprecated setup.py egg_info --egg-base ../../build/locomotion build --build-base /home/robotica/proyecto_robotica/build/locomotion/build install --record /home/robotica/proyecto_robotica/build/locomotion/install.log --single-version-externally-managed install_data
