running egg_info
creating ../../build/motor_command/motor_command.egg-info
writing ../../build/motor_command/motor_command.egg-info/PKG-INFO
writing dependency_links to ../../build/motor_command/motor_command.egg-info/dependency_links.txt
writing requirements to ../../build/motor_command/motor_command.egg-info/requires.txt
writing top-level names to ../../build/motor_command/motor_command.egg-info/top_level.txt
writing manifest file '../../build/motor_command/motor_command.egg-info/SOURCES.txt'
reading manifest file '../../build/motor_command/motor_command.egg-info/SOURCES.txt'
adding license file 'LICENSE'
writing manifest file '../../build/motor_command/motor_command.egg-info/SOURCES.txt'
running build
running build_py
creating /home/robotica/proyecto_robotica/build/motor_command/build
creating /home/robotica/proyecto_robotica/build/motor_command/build/lib
creating /home/robotica/proyecto_robotica/build/motor_command/build/lib/motor_command
copying motor_command/motor_command.py -> /home/robotica/proyecto_robotica/build/motor_command/build/lib/motor_command
copying motor_command/__init__.py -> /home/robotica/proyecto_robotica/build/motor_command/build/lib/motor_command
running install
running install_lib
creating /home/robotica/proyecto_robotica/install/motor_command/lib/python3.12/site-packages/motor_command
copying /home/robotica/proyecto_robotica/build/motor_command/build/lib/motor_command/motor_command.py -> /home/robotica/proyecto_robotica/install/motor_command/lib/python3.12/site-packages/motor_command
copying /home/robotica/proyecto_robotica/build/motor_command/build/lib/motor_command/__init__.py -> /home/robotica/proyecto_robotica/install/motor_command/lib/python3.12/site-packages/motor_command
byte-compiling /home/robotica/proyecto_robotica/install/motor_command/lib/python3.12/site-packages/motor_command/motor_command.py to motor_command.cpython-312.pyc
byte-compiling /home/robotica/proyecto_robotica/install/motor_command/lib/python3.12/site-packages/motor_command/__init__.py to __init__.cpython-312.pyc
running install_data
creating /home/robotica/proyecto_robotica/install/motor_command/share/ament_index
creating /home/robotica/proyecto_robotica/install/motor_command/share/ament_index/resource_index
creating /home/robotica/proyecto_robotica/install/motor_command/share/ament_index/resource_index/packages
copying resource/motor_command -> /home/robotica/proyecto_robotica/install/motor_command/share/ament_index/resource_index/packages
copying package.xml -> /home/robotica/proyecto_robotica/install/motor_command/share/motor_command
running install_egg_info
Copying ../../build/motor_command/motor_command.egg-info to /home/robotica/proyecto_robotica/install/motor_command/lib/python3.12/site-packages/motor_command-0.0.0-py3.12.egg-info
running install_scripts
writing list of installed files to '/home/robotica/proyecto_robotica/build/motor_command/install.log'
