[0.154s] DEBUG:colcon:Command line arguments: ['/usr/bin/colcon', 'build']
[0.155s] DEBUG:colcon:Parsed command line arguments: Namespace(log_base=None, log_level=None, verb_name='build', build_base='build', install_base='install', merge_install=False, symlink_install=False, test_result_base=None, continue_on_error=False, executor='parallel', parallel_workers=4, event_handlers=None, ignore_user_meta=False, metas=['./colcon.meta'], base_paths=['.'], packages_ignore=None, packages_ignore_regex=None, paths=None, packages_up_to=None, packages_up_to_regex=None, packages_above=None, packages_above_and_dependencies=None, packages_above_depth=None, packages_select_by_dep=None, packages_skip_by_dep=None, packages_skip_up_to=None, packages_select_build_failed=False, packages_skip_build_finished=False, packages_select_test_failures=False, packages_skip_test_passed=False, packages_select=None, packages_skip=None, packages_select_regex=None, packages_skip_regex=None, packages_start=None, packages_end=None, allow_overriding=[], cmake_args=None, cmake_target=None, cmake_target_skip_unavailable=False, cmake_clean_cache=False, cmake_clean_first=False, cmake_force_configure=False, ament_cmake_args=None, catkin_cmake_args=None, catkin_skip_building_tests=False, mixin_files=None, mixin=None, verb_parser=<colcon_mixin.mixin.mixin_argument.MixinArgumentDecorator object at 0xffffa2c3c6e0>, verb_extension=<colcon_core.verb.build.BuildVerb object at 0xffffa2df8410>, main=<bound method BuildVerb.main of <colcon_core.verb.build.BuildVerb object at 0xffffa2df8410>>, mixin_verb=('build',))
[0.222s] Level 1:colcon.colcon_core.package_discovery:discover_packages(colcon_meta) check parameters
[0.222s] Level 1:colcon.colcon_core.package_discovery:discover_packages(recursive) check parameters
[0.222s] Level 1:colcon.colcon_core.package_discovery:discover_packages(ignore) check parameters
[0.222s] Level 1:colcon.colcon_core.package_discovery:discover_packages(path) check parameters
[0.222s] Level 1:colcon.colcon_core.package_discovery:discover_packages(colcon_meta) discover
[0.222s] Level 1:colcon.colcon_core.package_discovery:discover_packages(recursive) discover
[0.222s] INFO:colcon.colcon_core.package_discovery:Crawling recursively for packages in '/home/robotica/proyecto_robotica'
[0.222s] Level 1:colcon.colcon_core.package_identification:_identify(.) by extensions ['ignore', 'ignore_ament_install']
[0.222s] Level 1:colcon.colcon_core.package_identification:_identify(.) by extension 'ignore'
[0.223s] Level 1:colcon.colcon_core.package_identification:_identify(.) by extension 'ignore_ament_install'
[0.223s] Level 1:colcon.colcon_core.package_identification:_identify(.) by extensions ['colcon_pkg']
[0.223s] Level 1:colcon.colcon_core.package_identification:_identify(.) by extension 'colcon_pkg'
[0.223s] Level 1:colcon.colcon_core.package_identification:_identify(.) by extensions ['colcon_meta']
[0.223s] Level 1:colcon.colcon_core.package_identification:_identify(.) by extension 'colcon_meta'
[0.223s] Level 1:colcon.colcon_core.package_identification:_identify(.) by extensions ['ros']
[0.223s] Level 1:colcon.colcon_core.package_identification:_identify(.) by extension 'ros'
[0.262s] Level 1:colcon.colcon_core.package_identification:_identify(.) by extensions ['cmake', 'python']
[0.262s] Level 1:colcon.colcon_core.package_identification:_identify(.) by extension 'cmake'
[0.262s] Level 1:colcon.colcon_core.package_identification:_identify(.) by extension 'python'
[0.262s] Level 1:colcon.colcon_core.package_identification:_identify(.) by extensions ['python_setup_py']
[0.262s] Level 1:colcon.colcon_core.package_identification:_identify(.) by extension 'python_setup_py'
[0.263s] Level 1:colcon.colcon_core.package_identification:_identify(build) by extensions ['ignore', 'ignore_ament_install']
[0.263s] Level 1:colcon.colcon_core.package_identification:_identify(build) by extension 'ignore'
[0.263s] Level 1:colcon.colcon_core.package_identification:_identify(build) ignored
[0.263s] Level 1:colcon.colcon_core.package_identification:_identify(install) by extensions ['ignore', 'ignore_ament_install']
[0.263s] Level 1:colcon.colcon_core.package_identification:_identify(install) by extension 'ignore'
[0.263s] Level 1:colcon.colcon_core.package_identification:_identify(install) ignored
[0.263s] Level 1:colcon.colcon_core.package_identification:_identify(log) by extensions ['ignore', 'ignore_ament_install']
[0.263s] Level 1:colcon.colcon_core.package_identification:_identify(log) by extension 'ignore'
[0.264s] Level 1:colcon.colcon_core.package_identification:_identify(log) ignored
[0.264s] Level 1:colcon.colcon_core.package_identification:_identify(src) by extensions ['ignore', 'ignore_ament_install']
[0.264s] Level 1:colcon.colcon_core.package_identification:_identify(src) by extension 'ignore'
[0.264s] Level 1:colcon.colcon_core.package_identification:_identify(src) by extension 'ignore_ament_install'
[0.264s] Level 1:colcon.colcon_core.package_identification:_identify(src) by extensions ['colcon_pkg']
[0.264s] Level 1:colcon.colcon_core.package_identification:_identify(src) by extension 'colcon_pkg'
[0.264s] Level 1:colcon.colcon_core.package_identification:_identify(src) by extensions ['colcon_meta']
[0.264s] Level 1:colcon.colcon_core.package_identification:_identify(src) by extension 'colcon_meta'
[0.264s] Level 1:colcon.colcon_core.package_identification:_identify(src) by extensions ['ros']
[0.264s] Level 1:colcon.colcon_core.package_identification:_identify(src) by extension 'ros'
[0.264s] Level 1:colcon.colcon_core.package_identification:_identify(src) by extensions ['cmake', 'python']
[0.264s] Level 1:colcon.colcon_core.package_identification:_identify(src) by extension 'cmake'
[0.264s] Level 1:colcon.colcon_core.package_identification:_identify(src) by extension 'python'
[0.264s] Level 1:colcon.colcon_core.package_identification:_identify(src) by extensions ['python_setup_py']
[0.264s] Level 1:colcon.colcon_core.package_identification:_identify(src) by extension 'python_setup_py'
[0.264s] Level 1:colcon.colcon_core.package_identification:_identify(src/locomotion) by extensions ['ignore', 'ignore_ament_install']
[0.265s] Level 1:colcon.colcon_core.package_identification:_identify(src/locomotion) by extension 'ignore'
[0.265s] Level 1:colcon.colcon_core.package_identification:_identify(src/locomotion) by extension 'ignore_ament_install'
[0.265s] Level 1:colcon.colcon_core.package_identification:_identify(src/locomotion) by extensions ['colcon_pkg']
[0.265s] Level 1:colcon.colcon_core.package_identification:_identify(src/locomotion) by extension 'colcon_pkg'
[0.265s] Level 1:colcon.colcon_core.package_identification:_identify(src/locomotion) by extensions ['colcon_meta']
[0.265s] Level 1:colcon.colcon_core.package_identification:_identify(src/locomotion) by extension 'colcon_meta'
[0.265s] Level 1:colcon.colcon_core.package_identification:_identify(src/locomotion) by extensions ['ros']
[0.265s] Level 1:colcon.colcon_core.package_identification:_identify(src/locomotion) by extension 'ros'
[0.269s] DEBUG:colcon.colcon_core.package_identification:Package 'src/locomotion' with type 'ros.ament_python' and name 'locomotion'
[0.269s] Level 1:colcon.colcon_core.package_identification:_identify(src/sensors) by extensions ['ignore', 'ignore_ament_install']
[0.269s] Level 1:colcon.colcon_core.package_identification:_identify(src/sensors) by extension 'ignore'
[0.269s] Level 1:colcon.colcon_core.package_identification:_identify(src/sensors) by extension 'ignore_ament_install'
[0.270s] Level 1:colcon.colcon_core.package_identification:_identify(src/sensors) by extensions ['colcon_pkg']
[0.270s] Level 1:colcon.colcon_core.package_identification:_identify(src/sensors) by extension 'colcon_pkg'
[0.270s] Level 1:colcon.colcon_core.package_identification:_identify(src/sensors) by extensions ['colcon_meta']
[0.270s] Level 1:colcon.colcon_core.package_identification:_identify(src/sensors) by extension 'colcon_meta'
[0.270s] Level 1:colcon.colcon_core.package_identification:_identify(src/sensors) by extensions ['ros']
[0.270s] Level 1:colcon.colcon_core.package_identification:_identify(src/sensors) by extension 'ros'
[0.271s] DEBUG:colcon.colcon_core.package_identification:Package 'src/sensors' with type 'ros.ament_python' and name 'sensors'
[0.271s] Level 1:colcon.colcon_core.package_discovery:discover_packages(recursive) using defaults
[0.271s] Level 1:colcon.colcon_core.package_discovery:discover_packages(ignore) discover
[0.271s] Level 1:colcon.colcon_core.package_discovery:discover_packages(ignore) using defaults
[0.271s] Level 1:colcon.colcon_core.package_discovery:discover_packages(path) discover
[0.271s] Level 1:colcon.colcon_core.package_discovery:discover_packages(path) using defaults
[0.296s] Level 1:colcon.colcon_core.package_discovery:discover_packages(prefix_path) check parameters
[0.297s] Level 1:colcon.colcon_core.package_discovery:discover_packages(prefix_path) discover
[0.299s] DEBUG:colcon.colcon_installed_package_information.package_discovery:Found 3 installed packages in /home/robotica/proyecto_robotica/install
[0.301s] DEBUG:colcon.colcon_installed_package_information.package_discovery:Found 286 installed packages in /opt/ros/jazzy
[0.304s] Level 1:colcon.colcon_core.package_discovery:discover_packages(prefix_path) using defaults
[0.366s] Level 5:colcon.colcon_core.verb:set package 'locomotion' build argument 'cmake_args' from command line to 'None'
[0.366s] Level 5:colcon.colcon_core.verb:set package 'locomotion' build argument 'cmake_target' from command line to 'None'
[0.366s] Level 5:colcon.colcon_core.verb:set package 'locomotion' build argument 'cmake_target_skip_unavailable' from command line to 'False'
[0.366s] Level 5:colcon.colcon_core.verb:set package 'locomotion' build argument 'cmake_clean_cache' from command line to 'False'
[0.366s] Level 5:colcon.colcon_core.verb:set package 'locomotion' build argument 'cmake_clean_first' from command line to 'False'
[0.366s] Level 5:colcon.colcon_core.verb:set package 'locomotion' build argument 'cmake_force_configure' from command line to 'False'
[0.366s] Level 5:colcon.colcon_core.verb:set package 'locomotion' build argument 'ament_cmake_args' from command line to 'None'
[0.367s] Level 5:colcon.colcon_core.verb:set package 'locomotion' build argument 'catkin_cmake_args' from command line to 'None'
[0.367s] Level 5:colcon.colcon_core.verb:set package 'locomotion' build argument 'catkin_skip_building_tests' from command line to 'False'
[0.367s] DEBUG:colcon.colcon_core.verb:Building package 'locomotion' with the following arguments: {'ament_cmake_args': None, 'build_base': '/home/robotica/proyecto_robotica/build/locomotion', 'catkin_cmake_args': None, 'catkin_skip_building_tests': False, 'cmake_args': None, 'cmake_clean_cache': False, 'cmake_clean_first': False, 'cmake_force_configure': False, 'cmake_target': None, 'cmake_target_skip_unavailable': False, 'install_base': '/home/robotica/proyecto_robotica/install/locomotion', 'merge_install': False, 'path': '/home/robotica/proyecto_robotica/src/locomotion', 'symlink_install': False, 'test_result_base': None}
[0.367s] Level 5:colcon.colcon_core.verb:set package 'sensors' build argument 'cmake_args' from command line to 'None'
[0.367s] Level 5:colcon.colcon_core.verb:set package 'sensors' build argument 'cmake_target' from command line to 'None'
[0.367s] Level 5:colcon.colcon_core.verb:set package 'sensors' build argument 'cmake_target_skip_unavailable' from command line to 'False'
[0.367s] Level 5:colcon.colcon_core.verb:set package 'sensors' build argument 'cmake_clean_cache' from command line to 'False'
[0.367s] Level 5:colcon.colcon_core.verb:set package 'sensors' build argument 'cmake_clean_first' from command line to 'False'
[0.367s] Level 5:colcon.colcon_core.verb:set package 'sensors' build argument 'cmake_force_configure' from command line to 'False'
[0.367s] Level 5:colcon.colcon_core.verb:set package 'sensors' build argument 'ament_cmake_args' from command line to 'None'
[0.367s] Level 5:colcon.colcon_core.verb:set package 'sensors' build argument 'catkin_cmake_args' from command line to 'None'
[0.367s] Level 5:colcon.colcon_core.verb:set package 'sensors' build argument 'catkin_skip_building_tests' from command line to 'False'
[0.367s] DEBUG:colcon.colcon_core.verb:Building package 'sensors' with the following arguments: {'ament_cmake_args': None, 'build_base': '/home/robotica/proyecto_robotica/build/sensors', 'catkin_cmake_args': None, 'catkin_skip_building_tests': False, 'cmake_args': None, 'cmake_clean_cache': False, 'cmake_clean_first': False, 'cmake_force_configure': False, 'cmake_target': None, 'cmake_target_skip_unavailable': False, 'install_base': '/home/robotica/proyecto_robotica/install/sensors', 'merge_install': False, 'path': '/home/robotica/proyecto_robotica/src/sensors', 'symlink_install': False, 'test_result_base': None}
[0.367s] INFO:colcon.colcon_core.executor:Executing jobs using 'parallel' executor
[0.369s] DEBUG:colcon.colcon_parallel_executor.executor.parallel:run_until_complete
[0.369s] INFO:colcon.colcon_ros.task.ament_python.build:Building ROS package in '/home/robotica/proyecto_robotica/src/locomotion' with build type 'ament_python'
[0.369s] Level 1:colcon.colcon_core.shell:create_environment_hook('locomotion', 'ament_prefix_path')
[0.372s] INFO:colcon.colcon_core.plugin_system:Skipping extension 'colcon_core.shell.bat': Not used on non-Windows systems
[0.372s] INFO:colcon.colcon_core.shell:Creating environment hook '/home/robotica/proyecto_robotica/install/locomotion/share/locomotion/hook/ament_prefix_path.ps1'
[0.373s] INFO:colcon.colcon_core.shell:Creating environment descriptor '/home/robotica/proyecto_robotica/install/locomotion/share/locomotion/hook/ament_prefix_path.dsv'
[0.374s] INFO:colcon.colcon_core.shell:Creating environment hook '/home/robotica/proyecto_robotica/install/locomotion/share/locomotion/hook/ament_prefix_path.sh'
[0.375s] INFO:colcon.colcon_core.shell:Skip shell extension 'powershell' for command environment: Not usable outside of PowerShell
[0.375s] DEBUG:colcon.colcon_core.shell:Skip shell extension 'dsv' for command environment
[0.380s] INFO:colcon.colcon_ros.task.ament_python.build:Building ROS package in '/home/robotica/proyecto_robotica/src/sensors' with build type 'ament_python'
[0.380s] Level 1:colcon.colcon_core.shell:create_environment_hook('sensors', 'ament_prefix_path')
[0.380s] INFO:colcon.colcon_core.shell:Creating environment hook '/home/robotica/proyecto_robotica/install/sensors/share/sensors/hook/ament_prefix_path.ps1'
[0.381s] INFO:colcon.colcon_core.shell:Creating environment descriptor '/home/robotica/proyecto_robotica/install/sensors/share/sensors/hook/ament_prefix_path.dsv'
[0.382s] INFO:colcon.colcon_core.shell:Creating environment hook '/home/robotica/proyecto_robotica/install/sensors/share/sensors/hook/ament_prefix_path.sh'
[0.383s] INFO:colcon.colcon_core.shell:Skip shell extension 'powershell' for command environment: Not usable outside of PowerShell
[0.383s] DEBUG:colcon.colcon_core.shell:Skip shell extension 'dsv' for command environment
[0.728s] INFO:colcon.colcon_core.task.python.build:Building Python package in '/home/robotica/proyecto_robotica/src/locomotion'
[0.728s] INFO:colcon.colcon_core.shell:Skip shell extension 'powershell' for command environment: Not usable outside of PowerShell
[0.728s] DEBUG:colcon.colcon_core.shell:Skip shell extension 'dsv' for command environment
[1.070s] INFO:colcon.colcon_core.task.python.build:Building Python package in '/home/robotica/proyecto_robotica/src/sensors'
[1.071s] INFO:colcon.colcon_core.shell:Skip shell extension 'powershell' for command environment: Not usable outside of PowerShell
[1.071s] DEBUG:colcon.colcon_core.shell:Skip shell extension 'dsv' for command environment
[2.034s] DEBUG:colcon.colcon_core.event_handler.log_command:Invoking command in '/home/robotica/proyecto_robotica/src/sensors': DEBUGINFOD_URLS=https://debuginfod.ubuntu.com PYTHONPATH=/home/robotica/proyecto_robotica/build/sensors/prefix_override:/usr/lib/python3/dist-packages/colcon_core/task/python/colcon_distutils_commands:/home/robotica/proyecto_robotica/install/sensors/lib/python3.12/site-packages:${PYTHONPATH} /usr/bin/python3 -W ignore:setup.py install is deprecated -W ignore:easy_install command is deprecated setup.py egg_info --egg-base ../../build/sensors build --build-base /home/robotica/proyecto_robotica/build/sensors/build install --record /home/robotica/proyecto_robotica/build/sensors/install.log --single-version-externally-managed install_data
[2.072s] DEBUG:colcon.colcon_core.event_handler.log_command:Invoking command in '/home/robotica/proyecto_robotica/src/locomotion': DEBUGINFOD_URLS=https://debuginfod.ubuntu.com PYTHONPATH=/home/robotica/proyecto_robotica/build/locomotion/prefix_override:/usr/lib/python3/dist-packages/colcon_core/task/python/colcon_distutils_commands:/home/robotica/proyecto_robotica/install/locomotion/lib/python3.12/site-packages:${PYTHONPATH} /usr/bin/python3 -W ignore:setup.py install is deprecated -W ignore:easy_install command is deprecated setup.py egg_info --egg-base ../../build/locomotion build --build-base /home/robotica/proyecto_robotica/build/locomotion/build install --record /home/robotica/proyecto_robotica/build/locomotion/install.log --single-version-externally-managed install_data
[2.928s] DEBUG:colcon.colcon_core.event_handler.log_command:Invoked command in '/home/robotica/proyecto_robotica/src/sensors' returned '0': DEBUGINFOD_URLS=https://debuginfod.ubuntu.com PYTHONPATH=/home/robotica/proyecto_robotica/build/sensors/prefix_override:/usr/lib/python3/dist-packages/colcon_core/task/python/colcon_distutils_commands:/home/robotica/proyecto_robotica/install/sensors/lib/python3.12/site-packages:${PYTHONPATH} /usr/bin/python3 -W ignore:setup.py install is deprecated -W ignore:easy_install command is deprecated setup.py egg_info --egg-base ../../build/sensors build --build-base /home/robotica/proyecto_robotica/build/sensors/build install --record /home/robotica/proyecto_robotica/build/sensors/install.log --single-version-externally-managed install_data
[2.933s] Level 1:colcon.colcon_core.environment:checking '/home/robotica/proyecto_robotica/install/sensors' for CMake module files
[2.933s] Level 1:colcon.colcon_core.environment:checking '/home/robotica/proyecto_robotica/install/sensors' for CMake config files
[2.934s] Level 1:colcon.colcon_core.environment:checking '/home/robotica/proyecto_robotica/install/sensors/lib'
[2.935s] Level 1:colcon.colcon_core.environment:checking '/home/robotica/proyecto_robotica/install/sensors/bin'
[2.935s] Level 1:colcon.colcon_core.environment:checking '/home/robotica/proyecto_robotica/install/sensors/lib/pkgconfig/sensors.pc'
[2.935s] Level 1:colcon.colcon_core.environment:checking '/home/robotica/proyecto_robotica/install/sensors/lib/python3.12/site-packages'
[2.935s] Level 1:colcon.colcon_core.shell:create_environment_hook('sensors', 'pythonpath')
[2.935s] INFO:colcon.colcon_core.shell:Creating environment hook '/home/robotica/proyecto_robotica/install/sensors/share/sensors/hook/pythonpath.ps1'
[2.936s] INFO:colcon.colcon_core.shell:Creating environment descriptor '/home/robotica/proyecto_robotica/install/sensors/share/sensors/hook/pythonpath.dsv'
[2.939s] INFO:colcon.colcon_core.shell:Creating environment hook '/home/robotica/proyecto_robotica/install/sensors/share/sensors/hook/pythonpath.sh'
[2.940s] Level 1:colcon.colcon_core.environment:checking '/home/robotica/proyecto_robotica/install/sensors/bin'
[2.940s] Level 1:colcon.colcon_core.environment:create_environment_scripts_only(sensors)
[2.940s] INFO:colcon.colcon_core.shell:Creating package script '/home/robotica/proyecto_robotica/install/sensors/share/sensors/package.ps1'
[2.941s] INFO:colcon.colcon_core.shell:Creating package descriptor '/home/robotica/proyecto_robotica/install/sensors/share/sensors/package.dsv'
[2.942s] INFO:colcon.colcon_core.shell:Creating package script '/home/robotica/proyecto_robotica/install/sensors/share/sensors/package.sh'
[2.943s] INFO:colcon.colcon_core.shell:Creating package script '/home/robotica/proyecto_robotica/install/sensors/share/sensors/package.bash'
[2.943s] INFO:colcon.colcon_core.shell:Creating package script '/home/robotica/proyecto_robotica/install/sensors/share/sensors/package.zsh'
[2.944s] Level 1:colcon.colcon_core.environment:create_file_with_runtime_dependencies(/home/robotica/proyecto_robotica/install/sensors/share/colcon-core/packages/sensors)
[2.947s] Level 1:colcon.colcon_core.environment:checking '/home/robotica/proyecto_robotica/install/locomotion' for CMake module files
[2.948s] DEBUG:colcon.colcon_core.event_handler.log_command:Invoked command in '/home/robotica/proyecto_robotica/src/locomotion' returned '0': DEBUGINFOD_URLS=https://debuginfod.ubuntu.com PYTHONPATH=/home/robotica/proyecto_robotica/build/locomotion/prefix_override:/usr/lib/python3/dist-packages/colcon_core/task/python/colcon_distutils_commands:/home/robotica/proyecto_robotica/install/locomotion/lib/python3.12/site-packages:${PYTHONPATH} /usr/bin/python3 -W ignore:setup.py install is deprecated -W ignore:easy_install command is deprecated setup.py egg_info --egg-base ../../build/locomotion build --build-base /home/robotica/proyecto_robotica/build/locomotion/build install --record /home/robotica/proyecto_robotica/build/locomotion/install.log --single-version-externally-managed install_data
[2.948s] Level 1:colcon.colcon_core.environment:checking '/home/robotica/proyecto_robotica/install/locomotion' for CMake config files
[2.949s] Level 1:colcon.colcon_core.environment:checking '/home/robotica/proyecto_robotica/install/locomotion/lib'
[2.949s] Level 1:colcon.colcon_core.environment:checking '/home/robotica/proyecto_robotica/install/locomotion/bin'
[2.949s] Level 1:colcon.colcon_core.environment:checking '/home/robotica/proyecto_robotica/install/locomotion/lib/pkgconfig/locomotion.pc'
[2.950s] Level 1:colcon.colcon_core.environment:checking '/home/robotica/proyecto_robotica/install/locomotion/lib/python3.12/site-packages'
[2.950s] Level 1:colcon.colcon_core.shell:create_environment_hook('locomotion', 'pythonpath')
[2.950s] INFO:colcon.colcon_core.shell:Creating environment hook '/home/robotica/proyecto_robotica/install/locomotion/share/locomotion/hook/pythonpath.ps1'
[2.951s] INFO:colcon.colcon_core.shell:Creating environment descriptor '/home/robotica/proyecto_robotica/install/locomotion/share/locomotion/hook/pythonpath.dsv'
[2.952s] INFO:colcon.colcon_core.shell:Creating environment hook '/home/robotica/proyecto_robotica/install/locomotion/share/locomotion/hook/pythonpath.sh'
[2.953s] Level 1:colcon.colcon_core.environment:checking '/home/robotica/proyecto_robotica/install/locomotion/bin'
[2.953s] Level 1:colcon.colcon_core.environment:create_environment_scripts_only(locomotion)
[2.953s] INFO:colcon.colcon_core.shell:Creating package script '/home/robotica/proyecto_robotica/install/locomotion/share/locomotion/package.ps1'
[2.954s] INFO:colcon.colcon_core.shell:Creating package descriptor '/home/robotica/proyecto_robotica/install/locomotion/share/locomotion/package.dsv'
[2.954s] INFO:colcon.colcon_core.shell:Creating package script '/home/robotica/proyecto_robotica/install/locomotion/share/locomotion/package.sh'
[2.955s] INFO:colcon.colcon_core.shell:Creating package script '/home/robotica/proyecto_robotica/install/locomotion/share/locomotion/package.bash'
[2.955s] INFO:colcon.colcon_core.shell:Creating package script '/home/robotica/proyecto_robotica/install/locomotion/share/locomotion/package.zsh'
[2.956s] Level 1:colcon.colcon_core.environment:create_file_with_runtime_dependencies(/home/robotica/proyecto_robotica/install/locomotion/share/colcon-core/packages/locomotion)
[2.956s] DEBUG:colcon.colcon_parallel_executor.executor.parallel:closing loop
[2.957s] DEBUG:colcon.colcon_parallel_executor.executor.parallel:loop closed
[2.957s] DEBUG:colcon.colcon_parallel_executor.executor.parallel:run_until_complete finished with '0'
[2.957s] DEBUG:colcon.colcon_core.event_reactor:joining thread
[2.965s] INFO:colcon.colcon_core.plugin_system:Skipping extension 'colcon_notification.desktop_notification.terminal_notifier': Not used on non-Darwin systems
[2.965s] INFO:colcon.colcon_core.plugin_system:Skipping extension 'colcon_notification.desktop_notification.win32': Not used on non-Windows systems
[2.965s] INFO:colcon.colcon_notification.desktop_notification:Sending desktop notification using 'notify2'
[2.985s] DEBUG:colcon.colcon_core.event_reactor:joined thread
[2.986s] INFO:colcon.colcon_core.shell:Creating prefix script '/home/robotica/proyecto_robotica/install/local_setup.ps1'
[2.987s] INFO:colcon.colcon_core.shell:Creating prefix util module '/home/robotica/proyecto_robotica/install/_local_setup_util_ps1.py'
[2.989s] INFO:colcon.colcon_core.shell:Creating prefix chain script '/home/robotica/proyecto_robotica/install/setup.ps1'
[2.990s] INFO:colcon.colcon_core.shell:Creating prefix script '/home/robotica/proyecto_robotica/install/local_setup.sh'
[2.991s] INFO:colcon.colcon_core.shell:Creating prefix util module '/home/robotica/proyecto_robotica/install/_local_setup_util_sh.py'
[2.992s] INFO:colcon.colcon_core.shell:Creating prefix chain script '/home/robotica/proyecto_robotica/install/setup.sh'
[2.993s] INFO:colcon.colcon_core.shell:Creating prefix script '/home/robotica/proyecto_robotica/install/local_setup.bash'
[2.993s] INFO:colcon.colcon_core.shell:Creating prefix chain script '/home/robotica/proyecto_robotica/install/setup.bash'
[2.995s] INFO:colcon.colcon_core.shell:Creating prefix script '/home/robotica/proyecto_robotica/install/local_setup.zsh'
[2.995s] INFO:colcon.colcon_core.shell:Creating prefix chain script '/home/robotica/proyecto_robotica/install/setup.zsh'
