[1.430s] Invoking command in '/home/robotica/proyecto_robotica/src/locomotion': DEBUGINFOD_URLS=https://debuginfod.ubuntu.com PYTHONPATH=/home/robotica/proyecto_robotica/build/locomotion/prefix_override:/usr/lib/python3/dist-packages/colcon_core/task/python/colcon_distutils_commands:/home/robotica/proyecto_robotica/install/locomotion/lib/python3.12/site-packages:${PYTHONPATH} /usr/bin/python3 -W ignore:setup.py install is deprecated -W ignore:easy_install command is deprecated setup.py egg_info --egg-base ../../build/locomotion build --build-base /home/robotica/proyecto_robotica/build/locomotion/build install --record /home/robotica/proyecto_robotica/build/locomotion/install.log --single-version-externally-managed install_data
[1.860s] running egg_info
[1.891s] writing ../../build/locomotion/locomotion.egg-info/PKG-INFO
[1.891s] writing dependency_links to ../../build/locomotion/locomotion.egg-info/dependency_links.txt
[1.894s] writing entry points to ../../build/locomotion/locomotion.egg-info/entry_points.txt
[1.894s] writing requirements to ../../build/locomotion/locomotion.egg-info/requires.txt
[1.894s] writing top-level names to ../../build/locomotion/locomotion.egg-info/top_level.txt
[1.959s] reading manifest file '../../build/locomotion/locomotion.egg-info/SOURCES.txt'
[1.961s] writing manifest file '../../build/locomotion/locomotion.egg-info/SOURCES.txt'
[1.961s] running build
[1.961s] running build_py
[1.961s] copying locomotion/trajectory.py -> /home/robotica/proyecto_robotica/build/locomotion/build/lib/locomotion
[1.962s] running install
[1.972s] running install_lib
[2.003s] copying /home/robotica/proyecto_robotica/build/locomotion/build/lib/locomotion/trajectory.py -> /home/robotica/proyecto_robotica/install/locomotion/lib/python3.12/site-packages/locomotion
[2.004s] byte-compiling /home/robotica/proyecto_robotica/install/locomotion/lib/python3.12/site-packages/locomotion/trajectory.py to trajectory.cpython-312.pyc
[2.009s] running install_data
[2.009s] running install_egg_info
[2.042s] removing '/home/robotica/proyecto_robotica/install/locomotion/lib/python3.12/site-packages/locomotion-0.0.0-py3.12.egg-info' (and everything under it)
[2.043s] Copying ../../build/locomotion/locomotion.egg-info to /home/robotica/proyecto_robotica/install/locomotion/lib/python3.12/site-packages/locomotion-0.0.0-py3.12.egg-info
[2.044s] running install_scripts
[2.258s] Installing graphical_odom script to /home/robotica/proyecto_robotica/install/locomotion/lib/locomotion
[2.259s] Installing motor_com script to /home/robotica/proyecto_robotica/install/locomotion/lib/locomotion
[2.261s] Installing rc_control script to /home/robotica/proyecto_robotica/install/locomotion/lib/locomotion
[2.262s] writing list of installed files to '/home/robotica/proyecto_robotica/build/locomotion/install.log'
[2.346s] Invoked command in '/home/robotica/proyecto_robotica/src/locomotion' returned '0': DEBUGINFOD_URLS=https://debuginfod.ubuntu.com PYTHONPATH=/home/robotica/proyecto_robotica/build/locomotion/prefix_override:/usr/lib/python3/dist-packages/colcon_core/task/python/colcon_distutils_commands:/home/robotica/proyecto_robotica/install/locomotion/lib/python3.12/site-packages:${PYTHONPATH} /usr/bin/python3 -W ignore:setup.py install is deprecated -W ignore:easy_install command is deprecated setup.py egg_info --egg-base ../../build/locomotion build --build-base /home/robotica/proyecto_robotica/build/locomotion/build install --record /home/robotica/proyecto_robotica/build/locomotion/install.log --single-version-externally-managed install_data
