running egg_info
writing ../../build/sensors/sensors.egg-info/PKG-INFO
writing dependency_links to ../../build/sensors/sensors.egg-info/dependency_links.txt
writing entry points to ../../build/sensors/sensors.egg-info/entry_points.txt
writing requirements to ../../build/sensors/sensors.egg-info/requires.txt
writing top-level names to ../../build/sensors/sensors.egg-info/top_level.txt
reading manifest file '../../build/sensors/sensors.egg-info/SOURCES.txt'
adding license file 'LICENSE'
writing manifest file '../../build/sensors/sensors.egg-info/SOURCES.txt'
running build
running build_py
copying sensors/odometry.py -> /home/robotica/proyecto_robotica/build/sensors/build/lib/sensors
running install
running install_lib
copying /home/robotica/proyecto_robotica/build/sensors/build/lib/sensors/odometry.py -> /home/robotica/proyecto_robotica/install/sensors/lib/python3.12/site-packages/sensors
byte-compiling /home/robotica/proyecto_robotica/install/sensors/lib/python3.12/site-packages/sensors/odometry.py to odometry.cpython-312.pyc
running install_data
running install_egg_info
removing '/home/robotica/proyecto_robotica/install/sensors/lib/python3.12/site-packages/sensors-0.0.0-py3.12.egg-info' (and everything under it)
Copying ../../build/sensors/sensors.egg-info to /home/robotica/proyecto_robotica/install/sensors/lib/python3.12/site-packages/sensors-0.0.0-py3.12.egg-info
running install_scripts
Installing sensors_node script to /home/robotica/proyecto_robotica/install/sensors/lib/sensors
writing list of installed files to '/home/robotica/proyecto_robotica/build/sensors/install.log'
