[1.541s] Invoking command in '/home/robotica/proyecto_robotica/src/locomotion': DEBUGINFOD_URLS=https://debuginfod.ubuntu.com PYTHONPATH=/home/robotica/proyecto_robotica/build/locomotion/prefix_override:/usr/lib/python3/dist-packages/colcon_core/task/python/colcon_distutils_commands:/home/robotica/proyecto_robotica/install/locomotion/lib/python3.12/site-packages:${PYTHONPATH} /usr/bin/python3 -W ignore:setup.py install is deprecated -W ignore:easy_install command is deprecated setup.py egg_info --egg-base ../../build/locomotion build --build-base /home/robotica/proyecto_robotica/build/locomotion/build install --record /home/robotica/proyecto_robotica/build/locomotion/install.log --single-version-externally-managed install_data
[1.925s] running egg_info
[1.951s] writing ../../build/locomotion/locomotion.egg-info/PKG-INFO
[1.951s] writing dependency_links to ../../build/locomotion/locomotion.egg-info/dependency_links.txt
[1.954s] writing entry points to ../../build/locomotion/locomotion.egg-info/entry_points.txt
[1.954s] writing requirements to ../../build/locomotion/locomotion.egg-info/requires.txt
[1.954s] writing top-level names to ../../build/locomotion/locomotion.egg-info/top_level.txt
[2.009s] reading manifest file '../../build/locomotion/locomotion.egg-info/SOURCES.txt'
[2.010s] writing manifest file '../../build/locomotion/locomotion.egg-info/SOURCES.txt'
[2.010s] running build
[2.010s] running build_py
[2.011s] copying locomotion/motor_command.py -> /home/robotica/proyecto_robotica/build/locomotion/build/lib/locomotion
[2.012s] copying locomotion/launch.py -> /home/robotica/proyecto_robotica/build/locomotion/build/lib/locomotion
[2.012s] copying locomotion/rc_control.py -> /home/robotica/proyecto_robotica/build/locomotion/build/lib/locomotion
[2.013s] running install
[2.022s] running install_lib
[2.049s] copying /home/robotica/proyecto_robotica/build/locomotion/build/lib/locomotion/motor_command.py -> /home/robotica/proyecto_robotica/install/locomotion/lib/python3.12/site-packages/locomotion
[2.050s] copying /home/robotica/proyecto_robotica/build/locomotion/build/lib/locomotion/launch.py -> /home/robotica/proyecto_robotica/install/locomotion/lib/python3.12/site-packages/locomotion
[2.050s] copying /home/robotica/proyecto_robotica/build/locomotion/build/lib/locomotion/rc_control.py -> /home/robotica/proyecto_robotica/install/locomotion/lib/python3.12/site-packages/locomotion
[2.050s] byte-compiling /home/robotica/proyecto_robotica/install/locomotion/lib/python3.12/site-packages/locomotion/motor_command.py to motor_command.cpython-312.pyc
[2.052s] byte-compiling /home/robotica/proyecto_robotica/install/locomotion/lib/python3.12/site-packages/locomotion/launch.py to launch.cpython-312.pyc
[2.054s] byte-compiling /home/robotica/proyecto_robotica/install/locomotion/lib/python3.12/site-packages/locomotion/rc_control.py to rc_control.cpython-312.pyc
[2.056s] running install_data
[2.056s] running install_egg_info
[2.084s] removing '/home/robotica/proyecto_robotica/install/locomotion/lib/python3.12/site-packages/locomotion-0.0.0-py3.12.egg-info' (and everything under it)
[2.086s] Copying ../../build/locomotion/locomotion.egg-info to /home/robotica/proyecto_robotica/install/locomotion/lib/python3.12/site-packages/locomotion-0.0.0-py3.12.egg-info
[2.087s] running install_scripts
[2.269s] Installing graphical_odom script to /home/robotica/proyecto_robotica/install/locomotion/lib/locomotion
[2.269s] Installing launch script to /home/robotica/proyecto_robotica/install/locomotion/lib/locomotion
[2.272s] Installing motor_com script to /home/robotica/proyecto_robotica/install/locomotion/lib/locomotion
[2.272s] Installing rc_control script to /home/robotica/proyecto_robotica/install/locomotion/lib/locomotion
[2.273s] writing list of installed files to '/home/robotica/proyecto_robotica/build/locomotion/install.log'
[2.363s] Invoked command in '/home/robotica/proyecto_robotica/src/locomotion' returned '0': DEBUGINFOD_URLS=https://debuginfod.ubuntu.com PYTHONPATH=/home/robotica/proyecto_robotica/build/locomotion/prefix_override:/usr/lib/python3/dist-packages/colcon_core/task/python/colcon_distutils_commands:/home/robotica/proyecto_robotica/install/locomotion/lib/python3.12/site-packages:${PYTHONPATH} /usr/bin/python3 -W ignore:setup.py install is deprecated -W ignore:easy_install command is deprecated setup.py egg_info --egg-base ../../build/locomotion build --build-base /home/robotica/proyecto_robotica/build/locomotion/build install --record /home/robotica/proyecto_robotica/build/locomotion/install.log --single-version-externally-managed install_data
