[1.920s] Invoking command in '/home/robotica/proyecto_robotica/src/sensors': DEBUGINFOD_URLS=https://debuginfod.ubuntu.com PYTHONPATH=/home/robotica/proyecto_robotica/build/sensors/prefix_override:/usr/lib/python3/dist-packages/colcon_core/task/python/colcon_distutils_commands:/home/robotica/proyecto_robotica/install/sensors/lib/python3.12/site-packages:${PYTHONPATH} /usr/bin/python3 -W ignore:setup.py install is deprecated -W ignore:easy_install command is deprecated setup.py egg_info --egg-base ../../build/sensors build --build-base /home/robotica/proyecto_robotica/build/sensors/build install --record /home/robotica/proyecto_robotica/build/sensors/install.log --single-version-externally-managed install_data
[2.293s] running egg_info
[2.293s] creating ../../build/sensors/sensors.egg-info
[2.319s] writing ../../build/sensors/sensors.egg-info/PKG-INFO
[2.319s] writing dependency_links to ../../build/sensors/sensors.egg-info/dependency_links.txt
[2.320s] writing entry points to ../../build/sensors/sensors.egg-info/entry_points.txt
[2.320s] writing requirements to ../../build/sensors/sensors.egg-info/requires.txt
[2.320s] writing top-level names to ../../build/sensors/sensors.egg-info/top_level.txt
[2.320s] writing manifest file '../../build/sensors/sensors.egg-info/SOURCES.txt'
[2.372s] reading manifest file '../../build/sensors/sensors.egg-info/SOURCES.txt'
[2.373s] adding license file 'LICENSE'
[2.373s] writing manifest file '../../build/sensors/sensors.egg-info/SOURCES.txt'
[2.373s] running build
[2.374s] running build_py
[2.374s] creating /home/robotica/proyecto_robotica/build/sensors/build
[2.376s] creating /home/robotica/proyecto_robotica/build/sensors/build/lib
[2.376s] creating /home/robotica/proyecto_robotica/build/sensors/build/lib/sensors
[2.376s] copying sensors/__init__.py -> /home/robotica/proyecto_robotica/build/sensors/build/lib/sensors
[2.376s] copying sensors/sensors.py -> /home/robotica/proyecto_robotica/build/sensors/build/lib/sensors
[2.376s] running install
[2.384s] running install_lib
[2.411s] creating /home/robotica/proyecto_robotica/install/sensors/lib/python3.12/site-packages/sensors
[2.411s] copying /home/robotica/proyecto_robotica/build/sensors/build/lib/sensors/__init__.py -> /home/robotica/proyecto_robotica/install/sensors/lib/python3.12/site-packages/sensors
[2.411s] copying /home/robotica/proyecto_robotica/build/sensors/build/lib/sensors/sensors.py -> /home/robotica/proyecto_robotica/install/sensors/lib/python3.12/site-packages/sensors
[2.412s] byte-compiling /home/robotica/proyecto_robotica/install/sensors/lib/python3.12/site-packages/sensors/__init__.py to __init__.cpython-312.pyc
[2.413s] byte-compiling /home/robotica/proyecto_robotica/install/sensors/lib/python3.12/site-packages/sensors/sensors.py to sensors.cpython-312.pyc
[2.415s] running install_data
[2.415s] creating /home/robotica/proyecto_robotica/install/sensors/share/ament_index
[2.415s] creating /home/robotica/proyecto_robotica/install/sensors/share/ament_index/resource_index
[2.415s] creating /home/robotica/proyecto_robotica/install/sensors/share/ament_index/resource_index/packages
[2.416s] copying resource/sensors -> /home/robotica/proyecto_robotica/install/sensors/share/ament_index/resource_index/packages
[2.416s] copying package.xml -> /home/robotica/proyecto_robotica/install/sensors/share/sensors
[2.416s] running install_egg_info
[2.444s] Copying ../../build/sensors/sensors.egg-info to /home/robotica/proyecto_robotica/install/sensors/lib/python3.12/site-packages/sensors-0.0.0-py3.12.egg-info
[2.445s] running install_scripts
[2.630s] Installing sensors_node script to /home/robotica/proyecto_robotica/install/sensors/lib/sensors
[2.631s] writing list of installed files to '/home/robotica/proyecto_robotica/build/sensors/install.log'
[2.778s] Invoked command in '/home/robotica/proyecto_robotica/src/sensors' returned '0': DEBUGINFOD_URLS=https://debuginfod.ubuntu.com PYTHONPATH=/home/robotica/proyecto_robotica/build/sensors/prefix_override:/usr/lib/python3/dist-packages/colcon_core/task/python/colcon_distutils_commands:/home/robotica/proyecto_robotica/install/sensors/lib/python3.12/site-packages:${PYTHONPATH} /usr/bin/python3 -W ignore:setup.py install is deprecated -W ignore:easy_install command is deprecated setup.py egg_info --egg-base ../../build/sensors build --build-base /home/robotica/proyecto_robotica/build/sensors/build install --record /home/robotica/proyecto_robotica/build/sensors/install.log --single-version-externally-managed install_data
