[1.212s] Invoking command in '/home/robotica/proyecto_robotica/src/locomotion': DEBUGINFOD_URLS=https://debuginfod.ubuntu.com PYTHONPATH=/home/robotica/proyecto_robotica/build/locomotion/prefix_override:/usr/lib/python3/dist-packages/colcon_core/task/python/colcon_distutils_commands:/home/robotica/proyecto_robotica/install/locomotion/lib/python3.12/site-packages:${PYTHONPATH} /usr/bin/python3 -W ignore:setup.py install is deprecated -W ignore:easy_install command is deprecated setup.py egg_info --egg-base ../../build/locomotion build --build-base /home/robotica/proyecto_robotica/build/locomotion/build install --record /home/robotica/proyecto_robotica/build/locomotion/install.log --single-version-externally-managed install_data
[1.606s] running egg_info
[1.634s] writing ../../build/locomotion/locomotion.egg-info/PKG-INFO
[1.634s] writing dependency_links to ../../build/locomotion/locomotion.egg-info/dependency_links.txt
[1.637s] writing entry points to ../../build/locomotion/locomotion.egg-info/entry_points.txt
[1.638s] writing requirements to ../../build/locomotion/locomotion.egg-info/requires.txt
[1.638s] writing top-level names to ../../build/locomotion/locomotion.egg-info/top_level.txt
[1.696s] reading manifest file '../../build/locomotion/locomotion.egg-info/SOURCES.txt'
[1.697s] writing manifest file '../../build/locomotion/locomotion.egg-info/SOURCES.txt'
[1.697s] running build
[1.697s] running build_py
[1.698s] running install
[1.708s] running install_lib
[1.737s] running install_data
[1.737s] running install_egg_info
[1.768s] removing '/home/robotica/proyecto_robotica/install/locomotion/lib/python3.12/site-packages/locomotion-0.0.0-py3.12.egg-info' (and everything under it)
[1.768s] Copying ../../build/locomotion/locomotion.egg-info to /home/robotica/proyecto_robotica/install/locomotion/lib/python3.12/site-packages/locomotion-0.0.0-py3.12.egg-info
[1.770s] running install_scripts
[1.971s] Installing graphical_odom script to /home/robotica/proyecto_robotica/install/locomotion/lib/locomotion
[1.971s] Installing launch script to /home/robotica/proyecto_robotica/install/locomotion/lib/locomotion
[1.974s] Installing motor_com script to /home/robotica/proyecto_robotica/install/locomotion/lib/locomotion
[1.974s] Installing rc_control script to /home/robotica/proyecto_robotica/install/locomotion/lib/locomotion
[1.975s] writing list of installed files to '/home/robotica/proyecto_robotica/build/locomotion/install.log'
[2.059s] Invoked command in '/home/robotica/proyecto_robotica/src/locomotion' returned '0': DEBUGINFOD_URLS=https://debuginfod.ubuntu.com PYTHONPATH=/home/robotica/proyecto_robotica/build/locomotion/prefix_override:/usr/lib/python3/dist-packages/colcon_core/task/python/colcon_distutils_commands:/home/robotica/proyecto_robotica/install/locomotion/lib/python3.12/site-packages:${PYTHONPATH} /usr/bin/python3 -W ignore:setup.py install is deprecated -W ignore:easy_install command is deprecated setup.py egg_info --egg-base ../../build/locomotion build --build-base /home/robotica/proyecto_robotica/build/locomotion/build install --record /home/robotica/proyecto_robotica/build/locomotion/install.log --single-version-externally-managed install_data
