[1.787s] Invoking command in '/home/robotica/proyecto_robotica/src/locomotion': DEBUGINFOD_URLS=https://debuginfod.ubuntu.com PYTHONPATH=/home/robotica/proyecto_robotica/build/locomotion/prefix_override:/usr/lib/python3/dist-packages/colcon_core/task/python/colcon_distutils_commands:/home/robotica/proyecto_robotica/install/locomotion/lib/python3.12/site-packages:${PYTHONPATH} /usr/bin/python3 -W ignore:setup.py install is deprecated -W ignore:easy_install command is deprecated setup.py egg_info --egg-base ../../build/locomotion build --build-base /home/robotica/proyecto_robotica/build/locomotion/build install --record /home/robotica/proyecto_robotica/build/locomotion/install.log --single-version-externally-managed install_data
[2.174s] running egg_info
[2.200s] writing ../../build/locomotion/locomotion.egg-info/PKG-INFO
[2.200s] writing dependency_links to ../../build/locomotion/locomotion.egg-info/dependency_links.txt
[2.201s] writing entry points to ../../build/locomotion/locomotion.egg-info/entry_points.txt
[2.201s] writing requirements to ../../build/locomotion/locomotion.egg-info/requires.txt
[2.201s] writing top-level names to ../../build/locomotion/locomotion.egg-info/top_level.txt
[2.256s] reading manifest file '../../build/locomotion/locomotion.egg-info/SOURCES.txt'
[2.257s] writing manifest file '../../build/locomotion/locomotion.egg-info/SOURCES.txt'
[2.258s] running build
[2.258s] running build_py
[2.258s] running install
[2.268s] running install_lib
[2.297s] running install_data
[2.297s] running install_egg_info
[2.328s] removing '/home/robotica/proyecto_robotica/install/locomotion/lib/python3.12/site-packages/locomotion-0.0.0-py3.12.egg-info' (and everything under it)
[2.332s] Copying ../../build/locomotion/locomotion.egg-info to /home/robotica/proyecto_robotica/install/locomotion/lib/python3.12/site-packages/locomotion-0.0.0-py3.12.egg-info
[2.332s] running install_scripts
[2.544s] Installing motor_com script to /home/robotica/proyecto_robotica/install/locomotion/lib/locomotion
[2.545s] Installing rc_control script to /home/robotica/proyecto_robotica/install/locomotion/lib/locomotion
[2.546s] writing list of installed files to '/home/robotica/proyecto_robotica/build/locomotion/install.log'
[2.679s] Invoked command in '/home/robotica/proyecto_robotica/src/locomotion' returned '0': DEBUGINFOD_URLS=https://debuginfod.ubuntu.com PYTHONPATH=/home/robotica/proyecto_robotica/build/locomotion/prefix_override:/usr/lib/python3/dist-packages/colcon_core/task/python/colcon_distutils_commands:/home/robotica/proyecto_robotica/install/locomotion/lib/python3.12/site-packages:${PYTHONPATH} /usr/bin/python3 -W ignore:setup.py install is deprecated -W ignore:easy_install command is deprecated setup.py egg_info --egg-base ../../build/locomotion build --build-base /home/robotica/proyecto_robotica/build/locomotion/build install --record /home/robotica/proyecto_robotica/build/locomotion/install.log --single-version-externally-managed install_data
